<?xml version="1.0" encoding="UTF-8"?>
<coverage generated="1545011844691" clover="3.2.0">
  <project timestamp="1545011844691" name="All files">
    <metrics statements="153" coveredstatements="141" conditionals="83" coveredconditionals="64" methods="47" coveredmethods="40" elements="283" coveredelements="245" complexity="0" loc="153" ncloc="153" packages="11" files="19" classes="19">
      <package name="app.components.atoms.RadialProgress">
        <metrics statements="25" coveredstatements="25" conditionals="8" coveredconditionals="8" methods="5" coveredmethods="5"/>
        <file name="index.jsx" path="C:\Users\Steph\Desktop\tech-screen\carousel\src\app\components\atoms\RadialProgress\index.jsx">
          <metrics statements="25" coveredstatements="25" conditionals="8" coveredconditionals="8" methods="5" coveredmethods="5"/>
          <line num="9" count="4" type="stmt"/>
          <line num="11" count="4" type="stmt"/>
          <line num="12" count="417" type="stmt"/>
          <line num="13" count="417" type="stmt"/>
          <line num="14" count="417" type="stmt"/>
          <line num="26" count="2" type="cond" truecount="2" falsecount="0"/>
          <line num="27" count="1" type="stmt"/>
          <line num="32" count="411" type="stmt"/>
          <line num="33" count="411" type="stmt"/>
          <line num="34" count="411" type="stmt"/>
          <line num="36" count="411" type="cond" truecount="2" falsecount="0"/>
          <line num="37" count="5" type="cond" truecount="2" falsecount="0"/>
          <line num="38" count="1" type="stmt"/>
          <line num="40" count="5" type="stmt"/>
          <line num="41" count="5" type="stmt"/>
          <line num="42" count="400" type="stmt"/>
          <line num="43" count="400" type="stmt"/>
          <line num="44" count="400" type="cond" truecount="2" falsecount="0"/>
          <line num="45" count="4" type="stmt"/>
          <line num="46" count="4" type="stmt"/>
          <line num="48" count="396" type="stmt"/>
          <line num="55" count="417" type="stmt"/>
          <line num="56" count="417" type="stmt"/>
          <line num="57" count="417" type="stmt"/>
          <line num="69" count="4" type="stmt"/>
        </file>
      </package>
      <package name="app.components.containers">
        <metrics statements="4" coveredstatements="4" conditionals="0" coveredconditionals="0" methods="2" coveredmethods="2"/>
        <file name="Carousel.jsx" path="C:\Users\Steph\Desktop\tech-screen\carousel\src\app\components\containers\Carousel.jsx">
          <metrics statements="4" coveredstatements="4" conditionals="0" coveredconditionals="0" methods="2" coveredmethods="2"/>
          <line num="13" count="2" type="stmt"/>
          <line num="20" count="2" type="stmt"/>
          <line num="22" count="2" type="stmt"/>
          <line num="23" count="1" type="stmt"/>
        </file>
      </package>
      <package name="app.components.molecules.CreditScore">
        <metrics statements="4" coveredstatements="4" conditionals="0" coveredconditionals="0" methods="1" coveredmethods="1"/>
        <file name="index.jsx" path="C:\Users\Steph\Desktop\tech-screen\carousel\src\app\components\molecules\CreditScore\index.jsx">
          <metrics statements="4" coveredstatements="4" conditionals="0" coveredconditionals="0" methods="1" coveredmethods="1"/>
          <line num="8" count="4" type="stmt"/>
          <line num="10" count="4" type="stmt"/>
          <line num="11" count="3" type="stmt"/>
          <line num="27" count="4" type="stmt"/>
        </file>
      </package>
      <package name="app.components.organisms.Carousel">
        <metrics statements="6" coveredstatements="6" conditionals="2" coveredconditionals="2" methods="2" coveredmethods="2"/>
        <file name="index.jsx" path="C:\Users\Steph\Desktop\tech-screen\carousel\src\app\components\organisms\Carousel\index.jsx">
          <metrics statements="6" coveredstatements="6" conditionals="2" coveredconditionals="2" methods="2" coveredmethods="2"/>
          <line num="11" count="3" type="stmt"/>
          <line num="15" count="5" type="stmt"/>
          <line num="16" count="5" type="stmt"/>
          <line num="20" count="5" type="stmt"/>
          <line num="22" count="5" type="stmt"/>
          <line num="39" count="3" type="stmt"/>
        </file>
      </package>
      <package name="app.components.pages.DashboardPage">
        <metrics statements="3" coveredstatements="3" conditionals="0" coveredconditionals="0" methods="1" coveredmethods="1"/>
        <file name="index.jsx" path="C:\Users\Steph\Desktop\tech-screen\carousel\src\app\components\pages\DashboardPage\index.jsx">
          <metrics statements="3" coveredstatements="3" conditionals="0" coveredconditionals="0" methods="1" coveredmethods="1"/>
          <line num="10" count="1" type="stmt"/>
          <line num="11" count="1" type="stmt"/>
          <line num="14" count="2" type="stmt"/>
        </file>
      </package>
      <package name="app.polyfills">
        <metrics statements="9" coveredstatements="7" conditionals="4" coveredconditionals="1" methods="1" coveredmethods="0"/>
        <file name="node-fetch.js" path="C:\Users\Steph\Desktop\tech-screen\carousel\src\app\polyfills\node-fetch.js">
          <metrics statements="9" coveredstatements="7" conditionals="4" coveredconditionals="1" methods="1" coveredmethods="0"/>
          <line num="1" count="11" type="stmt"/>
          <line num="3" count="11" type="stmt"/>
          <line num="4" count="0" type="cond" truecount="0" falsecount="2"/>
          <line num="7" count="0" type="stmt"/>
          <line num="10" count="11" type="cond" truecount="1" falsecount="1"/>
          <line num="11" count="11" type="stmt"/>
          <line num="12" count="11" type="stmt"/>
          <line num="13" count="11" type="stmt"/>
          <line num="14" count="11" type="stmt"/>
        </file>
      </package>
      <package name="app.utils">
        <metrics statements="46" coveredstatements="38" conditionals="48" coveredconditionals="41" methods="19" coveredmethods="14"/>
        <file name="bem.js" path="C:\Users\Steph\Desktop\tech-screen\carousel\src\app\utils\bem.js">
          <metrics statements="15" coveredstatements="15" conditionals="28" coveredconditionals="27" methods="5" coveredmethods="5"/>
          <line num="2" count="901" type="cond" truecount="2" falsecount="0"/>
          <line num="3" count="889" type="stmt"/>
          <line num="6" count="12" type="cond" truecount="2" falsecount="0"/>
          <line num="8" count="16" type="stmt"/>
          <line num="10" count="16" type="cond" truecount="2" falsecount="0"/>
          <line num="13" count="6" type="stmt"/>
          <line num="16" count="44" type="cond" truecount="3" falsecount="0"/>
          <line num="17" count="893" type="stmt"/>
          <line num="18" count="893" type="cond" truecount="2" falsecount="0"/>
          <line num="19" count="893" type="cond" truecount="4" falsecount="0"/>
          <line num="20" count="893" type="cond" truecount="4" falsecount="0"/>
          <line num="21" count="893" type="cond" truecount="2" falsecount="0"/>
          <line num="22" count="893" type="cond" truecount="2" falsecount="0"/>
          <line num="23" count="893" type="stmt"/>
          <line num="26" count="6" type="stmt"/>
        </file>
        <file name="fetch.js" path="C:\Users\Steph\Desktop\tech-screen\carousel\src\app\utils\fetch.js">
          <metrics statements="22" coveredstatements="16" conditionals="13" coveredconditionals="9" methods="13" coveredmethods="8"/>
          <line num="5" count="1" type="stmt"/>
          <line num="6" count="116" type="stmt"/>
          <line num="11" count="6" type="cond" truecount="3" falsecount="1"/>
          <line num="12" count="0" type="stmt"/>
          <line num="13" count="0" type="stmt"/>
          <line num="14" count="0" type="stmt"/>
          <line num="16" count="6" type="stmt"/>
          <line num="19" count="2" type="stmt"/>
          <line num="28" count="3" type="stmt"/>
          <line num="39" count="2" type="cond" truecount="1" falsecount="0"/>
          <line num="40" count="6" type="cond" truecount="2" falsecount="0"/>
          <line num="42" count="6" type="cond" truecount="2" falsecount="0"/>
          <line num="43" count="1" type="cond" truecount="1" falsecount="1"/>
          <line num="46" count="6" type="stmt"/>
          <line num="48" count="6" type="stmt"/>
          <line num="50" count="0" type="stmt"/>
          <line num="54" count="2" type="stmt"/>
          <line num="55" count="0" type="stmt"/>
          <line num="57" count="2" type="stmt"/>
          <line num="58" count="0" type="stmt"/>
          <line num="60" count="2" type="stmt"/>
          <line num="61" count="3" type="stmt"/>
        </file>
        <file name="index.js" path="C:\Users\Steph\Desktop\tech-screen\carousel\src\app\utils\index.js">
          <metrics statements="9" coveredstatements="7" conditionals="7" coveredconditionals="5" methods="1" coveredmethods="1"/>
          <line num="3" count="2" type="cond" truecount="2" falsecount="0"/>
          <line num="5" count="2" type="stmt"/>
          <line num="7" count="2" type="cond" truecount="2" falsecount="1"/>
          <line num="9" count="2" type="stmt"/>
          <line num="10" count="2" type="cond" truecount="1" falsecount="1"/>
          <line num="11" count="0" type="stmt"/>
          <line num="12" count="0" type="stmt"/>
          <line num="14" count="2" type="stmt"/>
          <line num="17" count="2" type="stmt"/>
        </file>
      </package>
      <package name="config">
        <metrics statements="17" coveredstatements="15" conditionals="16" coveredconditionals="7" methods="1" coveredmethods="1"/>
        <file name="environment.js" path="C:\Users\Steph\Desktop\tech-screen\carousel\src\config\environment.js">
          <metrics statements="17" coveredstatements="15" conditionals="16" coveredconditionals="7" methods="1" coveredmethods="1"/>
          <line num="1" count="2" type="stmt"/>
          <line num="3" count="2" type="stmt"/>
          <line num="4" count="2" type="stmt"/>
          <line num="6" count="2" type="stmt"/>
          <line num="8" count="2" type="cond" truecount="1" falsecount="1"/>
          <line num="10" count="0" type="cond" truecount="0" falsecount="2"/>
          <line num="13" count="2" type="cond" truecount="1" falsecount="1"/>
          <line num="15" count="0" type="stmt"/>
          <line num="19" count="2" type="cond" truecount="1" falsecount="1"/>
          <line num="20" count="2" type="cond" truecount="1" falsecount="1"/>
          <line num="21" count="2" type="cond" truecount="1" falsecount="1"/>
          <line num="23" count="2" type="cond" truecount="1" falsecount="1"/>
          <line num="25" count="2" type="stmt"/>
          <line num="37" count="2" type="cond" truecount="1" falsecount="1"/>
          <line num="38" count="2" type="stmt"/>
          <line num="39" count="2" type="stmt"/>
          <line num="42" count="2" type="stmt"/>
        </file>
      </package>
      <package name="services.creditReport">
        <metrics statements="2" coveredstatements="2" conditionals="0" coveredconditionals="0" methods="1" coveredmethods="0"/>
        <file name="index.js" path="C:\Users\Steph\Desktop\tech-screen\carousel\src\services\creditReport\index.js">
          <metrics statements="2" coveredstatements="2" conditionals="0" coveredconditionals="0" methods="1" coveredmethods="0"/>
          <line num="4" count="1" type="stmt"/>
          <line num="6" count="1" type="stmt"/>
        </file>
      </package>
      <package name="store">
        <metrics statements="10" coveredstatements="10" conditionals="0" coveredconditionals="0" methods="3" coveredmethods="3"/>
        <file name="configureStore.js" path="C:\Users\Steph\Desktop\tech-screen\carousel\src\store\configureStore.js">
          <metrics statements="7" coveredstatements="7" conditionals="0" coveredconditionals="0" methods="1" coveredmethods="1"/>
          <line num="8" count="1" type="stmt"/>
          <line num="9" count="1" type="stmt"/>
          <line num="10" count="1" type="stmt"/>
          <line num="11" count="1" type="stmt"/>
          <line num="13" count="1" type="stmt"/>
          <line num="18" count="1" type="stmt"/>
          <line num="20" count="1" type="stmt"/>
        </file>
        <file name="reducers.js" path="C:\Users\Steph\Desktop\tech-screen\carousel\src\store\reducers.js">
          <metrics statements="1" coveredstatements="1" conditionals="0" coveredconditionals="0" methods="0" coveredmethods="0"/>
          <line num="3" count="1" type="stmt"/>
        </file>
        <file name="sagas.js" path="C:\Users\Steph\Desktop\tech-screen\carousel\src\store\sagas.js">
          <metrics statements="2" coveredstatements="2" conditionals="0" coveredconditionals="0" methods="2" coveredmethods="2"/>
          <line num="4" count="1" type="stmt"/>
          <line num="9" count="1" type="stmt"/>
        </file>
      </package>
      <package name="store.creditReport">
        <metrics statements="27" coveredstatements="27" conditionals="5" coveredconditionals="5" methods="11" coveredmethods="11"/>
        <file name="actionTypes.js" path="C:\Users\Steph\Desktop\tech-screen\carousel\src\store\creditReport\actionTypes.js">
          <metrics statements="3" coveredstatements="3" conditionals="0" coveredconditionals="0" methods="0" coveredmethods="0"/>
          <line num="1" count="6" type="stmt"/>
          <line num="2" count="6" type="stmt"/>
          <line num="3" count="6" type="stmt"/>
        </file>
        <file name="actions.js" path="C:\Users\Steph\Desktop\tech-screen\carousel\src\store\creditReport\actions.js">
          <metrics statements="3" coveredstatements="3" conditionals="0" coveredconditionals="0" methods="3" coveredmethods="3"/>
          <line num="3" count="5" type="stmt"/>
          <line num="7" count="5" type="stmt"/>
          <line num="14" count="5" type="stmt"/>
        </file>
        <file name="reducer.js" path="C:\Users\Steph\Desktop\tech-screen\carousel\src\store\creditReport\reducer.js">
          <metrics statements="7" coveredstatements="7" conditionals="5" coveredconditionals="5" methods="1" coveredmethods="1"/>
          <line num="3" count="3" type="stmt"/>
          <line num="13" count="3" type="cond" truecount="1" falsecount="0"/>
          <line num="14" count="6" type="cond" truecount="4" falsecount="0"/>
          <line num="16" count="1" type="stmt"/>
          <line num="22" count="1" type="stmt"/>
          <line num="33" count="1" type="stmt"/>
          <line num="40" count="3" type="stmt"/>
        </file>
        <file name="sagas.js" path="C:\Users\Steph\Desktop\tech-screen\carousel\src\store\creditReport\sagas.js">
          <metrics statements="5" coveredstatements="5" conditionals="0" coveredconditionals="0" methods="2" coveredmethods="2"/>
          <line num="9" count="2" type="stmt"/>
          <line num="10" count="2" type="stmt"/>
          <line num="11" count="1" type="stmt"/>
          <line num="13" count="1" type="stmt"/>
          <line num="18" count="1" type="stmt"/>
        </file>
        <file name="selectors.js" path="C:\Users\Steph\Desktop\tech-screen\carousel\src\store\creditReport\selectors.js">
          <metrics statements="9" coveredstatements="9" conditionals="0" coveredconditionals="0" methods="5" coveredmethods="5"/>
          <line num="3" count="5" type="stmt"/>
          <line num="5" count="3" type="stmt"/>
          <line num="7" count="1" type="stmt"/>
          <line num="10" count="3" type="stmt"/>
          <line num="12" count="1" type="stmt"/>
          <line num="15" count="3" type="stmt"/>
          <line num="17" count="1" type="stmt"/>
          <line num="20" count="3" type="stmt"/>
          <line num="22" count="1" type="stmt"/>
        </file>
      </package>
    </metrics>
  </project>
</coverage>
