TN:
SF:C:\Users\Steph\Desktop\tech-screen\carousel\src\app\components\atoms\RadialProgress\index.jsx
FN:11,(anonymous_0)
FN:25,(anonymous_1)
FN:31,(anonymous_2)
FN:41,(anonymous_3)
FN:54,(anonymous_4)
FNF:5
FNH:5
FNDA:417,(anonymous_0)
FNDA:2,(anonymous_1)
FNDA:411,(anonymous_2)
FNDA:400,(anonymous_3)
FNDA:417,(anonymous_4)
DA:9,4
DA:11,4
DA:12,417
DA:13,417
DA:14,417
DA:26,2
DA:27,1
DA:32,411
DA:33,411
DA:34,411
DA:36,411
DA:37,5
DA:38,1
DA:40,5
DA:41,5
DA:42,400
DA:43,400
DA:44,400
DA:45,4
DA:46,4
DA:48,396
DA:55,417
DA:56,417
DA:57,417
DA:69,4
LF:25
LH:25
BRDA:26,0,0,1
BRDA:26,0,1,1
BRDA:36,1,0,5
BRDA:36,1,1,406
BRDA:37,2,0,1
BRDA:37,2,1,4
BRDA:44,3,0,4
BRDA:44,3,1,396
BRF:8
BRH:8
end_of_record
TN:
SF:C:\Users\Steph\Desktop\tech-screen\carousel\src\app\components\containers\Carousel.jsx
FN:22,(anonymous_0)
FN:23,(anonymous_1)
FNF:2
FNH:2
FNDA:1,(anonymous_0)
FNDA:1,(anonymous_1)
DA:13,2
DA:20,2
DA:22,2
DA:23,1
LF:4
LH:4
BRF:0
BRH:0
end_of_record
TN:
SF:C:\Users\Steph\Desktop\tech-screen\carousel\src\app\components\molecules\CreditScore\index.jsx
FN:10,(anonymous_0)
FNF:1
FNH:1
FNDA:3,(anonymous_0)
DA:8,4
DA:10,4
DA:11,3
DA:27,4
LF:4
LH:4
BRF:0
BRH:0
end_of_record
TN:
SF:C:\Users\Steph\Desktop\tech-screen\carousel\src\app\components\organisms\Carousel\index.jsx
FN:14,(anonymous_0)
FN:19,(anonymous_1)
FNF:2
FNH:2
FNDA:5,(anonymous_0)
FNDA:5,(anonymous_1)
DA:11,3
DA:15,5
DA:16,5
DA:20,5
DA:22,5
DA:39,3
LF:6
LH:6
BRDA:26,0,0,5
BRDA:26,0,1,4
BRF:2
BRH:2
end_of_record
TN:
SF:C:\Users\Steph\Desktop\tech-screen\carousel\src\app\components\pages\DashboardPage\index.jsx
FN:13,(anonymous_0)
FNF:1
FNH:1
FNDA:2,(anonymous_0)
DA:10,1
DA:11,1
DA:14,2
LF:3
LH:3
BRF:0
BRH:0
end_of_record
TN:
SF:C:\Users\Steph\Desktop\tech-screen\carousel\src\app\polyfills\node-fetch.js
FN:3,(anonymous_0)
FNF:1
FNH:0
FNDA:0,(anonymous_0)
DA:1,11
DA:3,11
DA:4,0
DA:7,0
DA:10,11
DA:11,11
DA:12,11
DA:13,11
DA:14,11
LF:9
LH:7
BRDA:4,0,0,0
BRDA:4,0,1,0
BRDA:10,1,0,11
BRDA:10,1,1,0
BRF:4
BRH:1
end_of_record
TN:
SF:C:\Users\Steph\Desktop\tech-screen\carousel\src\app\utils\bem.js
FN:1,toClass
FN:8,(anonymous_1)
FN:10,(anonymous_2)
FN:13,(anonymous_3)
FN:16,(anonymous_4)
FNF:5
FNH:5
FNDA:901,toClass
FNDA:16,(anonymous_1)
FNDA:16,(anonymous_2)
FNDA:44,(anonymous_3)
FNDA:893,(anonymous_4)
DA:2,901
DA:3,889
DA:6,12
DA:8,16
DA:10,16
DA:13,6
DA:16,44
DA:17,893
DA:18,893
DA:19,893
DA:20,893
DA:21,893
DA:22,893
DA:23,893
DA:26,6
LF:15
LH:15
BRDA:1,0,0,0
BRDA:1,1,0,12
BRDA:2,2,0,889
BRDA:2,2,1,12
BRDA:6,3,0,4
BRDA:6,3,1,8
BRDA:10,4,0,6
BRDA:10,4,1,10
BRDA:14,5,0,28
BRDA:14,6,0,44
BRDA:14,7,0,44
BRDA:16,8,0,2
BRDA:16,9,0,444
BRDA:16,10,0,881
BRDA:18,11,0,448
BRDA:18,11,1,445
BRDA:19,12,0,437
BRDA:19,12,1,456
BRDA:19,13,0,893
BRDA:19,13,1,441
BRDA:20,14,0,4
BRDA:20,14,1,889
BRDA:20,15,0,893
BRDA:20,15,1,441
BRDA:21,16,0,12
BRDA:21,16,1,881
BRDA:22,17,0,448
BRDA:22,17,1,445
BRF:28
BRH:27
end_of_record
TN:
SF:C:\Users\Steph\Desktop\tech-screen\carousel\src\app\utils\fetch.js
FN:4,queryParams
FN:6,(anonymous_1)
FN:10,checkStatus
FN:19,(anonymous_3)
FN:28,(anonymous_4)
FN:39,(anonymous_5)
FN:48,(anonymous_6)
FN:49,(anonymous_7)
FN:54,(anonymous_8)
FN:55,(anonymous_9)
FN:57,(anonymous_10)
FN:60,(anonymous_11)
FN:61,(anonymous_12)
FNF:13
FNH:8
FNDA:1,queryParams
FNDA:116,(anonymous_1)
FNDA:6,checkStatus
FNDA:0,(anonymous_3)
FNDA:3,(anonymous_4)
FNDA:6,(anonymous_5)
FNDA:6,(anonymous_6)
FNDA:0,(anonymous_7)
FNDA:0,(anonymous_8)
FNDA:0,(anonymous_9)
FNDA:0,(anonymous_10)
FNDA:3,(anonymous_11)
FNDA:3,(anonymous_12)
DA:5,1
DA:6,116
DA:11,6
DA:12,0
DA:13,0
DA:14,0
DA:16,6
DA:19,2
DA:28,3
DA:39,2
DA:40,6
DA:42,6
DA:43,1
DA:46,6
DA:48,6
DA:50,0
DA:54,2
DA:55,0
DA:57,2
DA:58,0
DA:60,2
DA:61,3
LF:22
LH:16
BRDA:11,0,0,0
BRDA:11,0,1,6
BRDA:11,1,0,6
BRDA:11,1,1,6
BRDA:25,2,0,0
BRDA:25,2,1,0
BRDA:39,3,0,2
BRDA:40,4,0,1
BRDA:40,4,1,5
BRDA:42,5,0,1
BRDA:42,5,1,5
BRDA:43,6,0,1
BRDA:43,6,1,0
BRF:13
BRH:9
end_of_record
TN:
SF:C:\Users\Steph\Desktop\tech-screen\carousel\src\app\utils\index.js
FN:9,(anonymous_0)
FNF:1
FNH:1
FNDA:2,(anonymous_0)
DA:3,2
DA:5,2
DA:7,2
DA:9,2
DA:10,2
DA:11,0
DA:12,0
DA:14,2
DA:17,2
LF:9
LH:7
BRDA:3,0,0,2
BRDA:3,0,1,2
BRDA:7,1,0,2
BRDA:7,1,1,2
BRDA:7,1,2,0
BRDA:10,2,0,0
BRDA:10,2,1,2
BRF:7
BRH:5
end_of_record
TN:
SF:C:\Users\Steph\Desktop\tech-screen\carousel\src\config\environment.js
FN:6,(anonymous_0)
FNF:1
FNH:1
FNDA:2,(anonymous_0)
DA:1,2
DA:3,2
DA:4,2
DA:6,2
DA:8,2
DA:10,0
DA:13,2
DA:15,0
DA:19,2
DA:20,2
DA:21,2
DA:23,2
DA:25,2
DA:37,2
DA:38,2
DA:39,2
DA:42,2
LF:17
LH:15
BRDA:8,0,0,0
BRDA:8,0,1,2
BRDA:10,1,0,0
BRDA:10,1,1,0
BRDA:13,2,0,0
BRDA:13,2,1,2
BRDA:19,3,0,0
BRDA:19,3,1,2
BRDA:20,4,0,2
BRDA:20,4,1,0
BRDA:21,5,0,2
BRDA:21,5,1,0
BRDA:23,6,0,2
BRDA:23,6,1,0
BRDA:37,7,0,2
BRDA:37,7,1,0
BRF:16
BRH:7
end_of_record
TN:
SF:C:\Users\Steph\Desktop\tech-screen\carousel\src\services\creditReport\index.js
FN:6,(anonymous_0)
FNF:1
FNH:0
FNDA:0,(anonymous_0)
DA:4,1
DA:6,1
LF:2
LH:2
BRF:0
BRH:0
end_of_record
TN:
SF:C:\Users\Steph\Desktop\tech-screen\carousel\src\store\configureStore.js
FN:8,(anonymous_0)
FNF:1
FNH:1
FNDA:1,(anonymous_0)
DA:8,1
DA:9,1
DA:10,1
DA:11,1
DA:13,1
DA:18,1
DA:20,1
LF:7
LH:7
BRF:0
BRH:0
end_of_record
TN:
SF:C:\Users\Steph\Desktop\tech-screen\carousel\src\store\reducers.js
FNF:0
FNH:0
DA:3,1
LF:1
LH:1
BRF:0
BRH:0
end_of_record
TN:
SF:C:\Users\Steph\Desktop\tech-screen\carousel\src\store\sagas.js
FN:8,(anonymous_0)
FN:9,(anonymous_1)
FNF:2
FNH:2
FNDA:1,(anonymous_0)
FNDA:1,(anonymous_1)
DA:4,1
DA:9,1
LF:2
LH:2
BRF:0
BRH:0
end_of_record
TN:
SF:C:\Users\Steph\Desktop\tech-screen\carousel\src\store\creditReport\actionTypes.js
FNF:0
FNH:0
DA:1,6
DA:2,6
DA:3,6
LF:3
LH:3
BRF:0
BRH:0
end_of_record
TN:
SF:C:\Users\Steph\Desktop\tech-screen\carousel\src\store\creditReport\actions.js
FN:3,(anonymous_0)
FN:7,(anonymous_1)
FN:14,(anonymous_2)
FNF:3
FNH:3
FNDA:4,(anonymous_0)
FNDA:4,(anonymous_1)
FNDA:4,(anonymous_2)
DA:3,5
DA:7,5
DA:14,5
LF:3
LH:3
BRF:0
BRH:0
end_of_record
TN:
SF:C:\Users\Steph\Desktop\tech-screen\carousel\src\store\creditReport\reducer.js
FN:13,(anonymous_0)
FNF:1
FNH:1
FNDA:6,(anonymous_0)
DA:3,3
DA:13,3
DA:14,6
DA:16,1
DA:22,1
DA:33,1
DA:40,3
LF:7
LH:7
BRDA:13,0,0,3
BRDA:14,1,0,1
BRDA:14,1,1,1
BRDA:14,1,2,1
BRDA:14,1,3,3
BRF:5
BRH:5
end_of_record
TN:
SF:C:\Users\Steph\Desktop\tech-screen\carousel\src\store\creditReport\sagas.js
FN:8,getCreditReportRequest
FN:17,root
FNF:2
FNH:2
FNDA:2,getCreditReportRequest
FNDA:1,root
DA:9,2
DA:10,2
DA:11,1
DA:13,1
DA:18,1
LF:5
LH:5
BRF:0
BRH:0
end_of_record
TN:
SF:C:\Users\Steph\Desktop\tech-screen\carousel\src\store\creditReport\selectors.js
FN:3,(anonymous_0)
FN:7,(anonymous_1)
FN:12,(anonymous_2)
FN:17,(anonymous_3)
FN:22,(anonymous_4)
FNF:5
FNH:5
FNDA:5,(anonymous_0)
FNDA:1,(anonymous_1)
FNDA:1,(anonymous_2)
FNDA:1,(anonymous_3)
FNDA:1,(anonymous_4)
DA:3,5
DA:5,3
DA:7,1
DA:10,3
DA:12,1
DA:15,3
DA:17,1
DA:20,3
DA:22,1
LF:9
LH:9
BRF:0
BRH:0
end_of_record
